<?xml version="1.0" encoding="UTF-8"?>
<testsuite name="br.com.dio.desafioreactor.Question1Test" tests="1" skipped="0" failures="0" errors="0" timestamp="2025-06-05T00:46:00" hostname="JULIANA" time="0.176">
  <properties/>
  <testcase name="incTest()" classname="br.com.dio.desafioreactor.Question1Test" time="0.176"/>
  <system-out><![CDATA[41326782
]]></system-out>
  <system-err><![CDATA[]]></system-err>
</testsuite>
